<?xml version="1.0" encoding="UTF-8"?>
<!-- Generated by org.testng.reporters.JUnitReportReporter -->
<testsuite hostname="DESKTOP-4473VNH" failures="0" tests="2" name="smart.SmartBuy" time="1.994" errors="0" timestamp="2022-11-24T20:27:37 EET" skipped="0">
  <testcase classname="smart.SmartBuy" name="we_need_to_check_the_correct_price" time="0.268"/>
  <system-out/>
  <testcase classname="smart.SmartBuy" name="Test_Adding_item_SAMSUNG_50_inch" time="1.726"/>
  <system-out/>
</testsuite> <!-- smart.SmartBuy -->
